[2018-01-28T20:23:53.706] [TRACE] response - { event: 'info', version: 2 }
[2018-01-28T20:24:48.084] [TRACE] response - { event: 'info', version: 2 }
[2018-01-28T21:04:54.957] [TRACE] response - { event: 'info', version: 2 }
[2018-01-28T21:05:41.341] [TRACE] response - { event: 'info', version: 2 }
[2018-01-28T21:07:42.049] [TRACE] response - { event: 'info', version: 2 }
[2018-01-28T21:12:02.135] [TRACE] response - { event: 'info', version: 2 }
[2018-01-28T21:12:17.033] [TRACE] response - { event: 'info', version: 2 }
[2018-01-28T21:12:34.303] [TRACE] response - { event: 'info', version: 2 }
[2018-01-28T21:16:00.092] [TRACE] response - { event: 'info', version: 2 }
[2018-01-28T21:16:47.869] [TRACE] response - { event: 'info', version: 2 }
[2018-01-28T21:17:27.346] [TRACE] response - { event: 'info', version: 2 }
[2018-01-28T21:17:40.439] [TRACE] response - { event: 'info', version: 2 }
[2018-01-28T21:17:47.487] [TRACE] response - { event: 'info', version: 2 }
[2018-01-28T21:34:13.735] [TRACE] response - { event: 'info', version: 2 }
[2018-01-28T21:34:41.871] [TRACE] response - { event: 'info', version: 2 }
[2018-01-28T21:40:39.499] [TRACE] response - { event: 'info', version: 2 }
[2018-01-28T21:40:56.472] [TRACE] response - { event: 'info', version: 2 }
[2018-01-28T22:07:26.010] [TRACE] response - { event: 'info', version: 2 }
[2018-01-28T22:07:40.111] [TRACE] response - { event: 'info', version: 2 }
[2018-01-28T22:11:58.061] [TRACE] response - { event: 'info', version: 2 }
[2018-01-28T22:11:58.235] [TRACE] response - { mts: 1517173860000,
  open: 11886,
  close: 11875,
  high: 11886,
  low: 11868,
  volume: 3.21477906 }
[2018-01-28T22:17:53.223] [TRACE] response - { mts: 1517174220000,
  open: 11899,
  close: 11908,
  high: 11917,
  low: 11899,
  volume: 11.68524013 }
[2018-01-28T22:18:20.477] [TRACE] response - { mts: 1517174280000,
  open: 11911,
  close: 11907,
  high: 11912,
  low: 11907,
  volume: 0.205 }
[2018-01-28T22:18:21.103] [TRACE] response - { event: 'info', version: 2 }
[2018-01-28T22:28:27.723] [TRACE] response - { event: 'info', version: 2 }
[2018-01-28T22:28:28.120] [TRACE] response - { mts: 1517174880000,
  open: 11920,
  close: 11915,
  high: 11921,
  low: 11908,
  volume: 1.74497025 }
[2018-01-28T22:32:23.684] [TRACE] response - { mts: 1517175120000,
  open: 11918,
  close: 11918,
  high: 11919,
  low: 11918,
  volume: 0.615 }
[2018-01-28T22:32:23.917] [TRACE] response - { event: 'info', version: 2 }
[2018-01-28T22:32:25.306] [TRACE] response - { mts: 1517175120000,
  open: 11918,
  close: 11918,
  high: 11919,
  low: 11918,
  volume: 0.615 }
[2018-01-28T22:32:25.307] [TRACE] response - { mts: 1517175120000,
  open: 11918,
  close: 11919,
  high: 11919,
  low: 11918,
  volume: 0.7404 }
[2018-01-28T22:32:29.825] [TRACE] response - { mts: 1517175120000,
  open: 11918,
  close: 11919,
  high: 11919,
  low: 11918,
  volume: 0.7404 }
[2018-01-28T22:32:29.825] [TRACE] response - { mts: 1517175120000,
  open: 11918,
  close: 11919,
  high: 11919,
  low: 11918,
  volume: 0.7404 }
[2018-01-28T22:33:09.686] [TRACE] response - { event: 'info', version: 2 }
[2018-01-28T22:33:09.843] [TRACE] response - { mts: 1517175180000,
  open: 11908,
  close: 11907,
  high: 11908,
  low: 11907,
  volume: 0.97097948 }
[2018-01-28T22:33:10.325] [TRACE] response - { mts: 1517175180000,
  open: 11908,
  close: 11907,
  high: 11908,
  low: 11907,
  volume: 0.97097948 }
[2018-01-28T22:33:10.326] [TRACE] response - { mts: 1517175180000,
  open: 11908,
  close: 11908,
  high: 11908,
  low: 11907,
  volume: 1.43291151 }
[2018-01-28T22:36:14.606] [TRACE] response - { mts: 1517175360000,
  open: 11912,
  close: 11910,
  high: 11912,
  low: 11910,
  volume: 0.03 }
[2018-01-28T22:36:14.994] [TRACE] response - { event: 'info', version: 2 }
[2018-01-28T22:36:15.040] [TRACE] response - { mts: 1517175360000,
  open: 11912,
  close: 11910,
  high: 11912,
  low: 11910,
  volume: 0.03 }
[2018-01-28T22:36:15.041] [TRACE] response - { mts: 1517175360000,
  open: 11912,
  close: 11910,
  high: 11912,
  low: 11910,
  volume: 0.03 }
[2018-01-28T22:41:08.370] [TRACE] response - { event: 'info', version: 2 }
[2018-01-28T22:41:08.782] [TRACE] response - { mts: 1517175600000,
  open: 11892,
  close: 11919,
  high: 11920,
  low: 11892,
  volume: 14.33713637 }
[2018-01-28T22:41:09.800] [TRACE] response - { mts: 1517175600000,
  open: 11892,
  close: 11919,
  high: 11920,
  low: 11892,
  volume: 14.33713637 }
[2018-01-28T22:41:09.802] [TRACE] response - { mts: 1517175600000,
  open: 11892,
  close: 11915,
  high: 11920,
  low: 11892,
  volume: 14.39902107 }
[2018-01-28T22:43:21.654] [TRACE] response - { event: 'info', version: 2 }
[2018-01-28T22:43:22.926] [TRACE] response - { mts: 1517175600000,
  open: 11892,
  close: 11930,
  high: 11932,
  low: 11892,
  volume: 50.81701165 }
[2018-01-28T22:43:26.491] [TRACE] response - { mts: 1517175600000,
  open: 11892,
  close: 11930,
  high: 11932,
  low: 11892,
  volume: 50.81701165 }
[2018-01-28T22:43:26.494] [TRACE] response - { mts: 1517175600000,
  open: 11892,
  close: 11936,
  high: 11938,
  low: 11892,
  volume: 57.41715883 }
[2018-01-28T22:43:31.566] [TRACE] response - { mts: 1517175600000,
  open: 11892,
  close: 11936,
  high: 11938,
  low: 11892,
  volume: 57.41715883 }
[2018-01-28T22:43:31.621] [TRACE] response - { mts: 1517175600000,
  open: 11892,
  close: 11936,
  high: 11938,
  low: 11892,
  volume: 57.50762483 }
[2018-01-28T22:43:37.349] [TRACE] response - { mts: 1517175600000,
  open: 11892,
  close: 11936,
  high: 11938,
  low: 11892,
  volume: 57.50762483 }
[2018-01-28T22:43:37.352] [TRACE] response - { mts: 1517175600000,
  open: 11892,
  close: 11936,
  high: 11938,
  low: 11892,
  volume: 57.50762483 }
[2018-01-28T22:43:42.054] [TRACE] response - { mts: 1517175600000,
  open: 11892,
  close: 11936,
  high: 11938,
  low: 11892,
  volume: 57.50762483 }
[2018-01-28T22:43:42.056] [TRACE] response - { mts: 1517175600000,
  open: 11892,
  close: 11936,
  high: 11938,
  low: 11892,
  volume: 59.09439559 }
[2018-01-28T22:43:47.465] [TRACE] response - { mts: 1517175600000,
  open: 11892,
  close: 11936,
  high: 11938,
  low: 11892,
  volume: 59.09439559 }
[2018-01-28T22:43:47.467] [TRACE] response - { mts: 1517175600000,
  open: 11892,
  close: 11936,
  high: 11938,
  low: 11892,
  volume: 59.98144774 }
[2018-01-28T22:43:52.552] [TRACE] response - { mts: 1517175600000,
  open: 11892,
  close: 11936,
  high: 11938,
  low: 11892,
  volume: 59.98144774 }
[2018-01-28T22:43:52.553] [TRACE] response - { mts: 1517175600000,
  open: 11892,
  close: 11936,
  high: 11940,
  low: 11892,
  volume: 63.64843807 }
[2018-01-28T22:43:57.777] [TRACE] response - { mts: 1517175600000,
  open: 11892,
  close: 11936,
  high: 11940,
  low: 11892,
  volume: 63.64843807 }
[2018-01-28T22:43:57.827] [TRACE] response - { mts: 1517175600000,
  open: 11892,
  close: 11938,
  high: 11940,
  low: 11892,
  volume: 65.13376263 }
[2018-01-28T22:44:03.044] [TRACE] response - { mts: 1517175600000,
  open: 11892,
  close: 11938,
  high: 11940,
  low: 11892,
  volume: 65.13376263 }
[2018-01-28T22:44:03.089] [TRACE] response - { mts: 1517175600000,
  open: 11892,
  close: 11934,
  high: 11940,
  low: 11892,
  volume: 66.07946209 }
[2018-01-28T22:44:08.347] [TRACE] response - { mts: 1517175600000,
  open: 11892,
  close: 11934,
  high: 11940,
  low: 11892,
  volume: 66.07946209 }
[2018-01-28T22:44:08.348] [TRACE] response - { mts: 1517175600000,
  open: 11892,
  close: 11934,
  high: 11940,
  low: 11892,
  volume: 68.01278476 }
[2018-01-28T22:44:13.548] [TRACE] response - { mts: 1517175600000,
  open: 11892,
  close: 11934,
  high: 11940,
  low: 11892,
  volume: 68.01278476 }
[2018-01-28T22:44:13.550] [TRACE] response - { mts: 1517175600000,
  open: 11892,
  close: 11931,
  high: 11940,
  low: 11892,
  volume: 68.03762124 }
[2018-01-28T22:44:19.079] [TRACE] response - { mts: 1517175600000,
  open: 11892,
  close: 11931,
  high: 11940,
  low: 11892,
  volume: 68.03762124 }
[2018-01-28T22:44:19.081] [TRACE] response - { mts: 1517175600000,
  open: 11892,
  close: 11931,
  high: 11940,
  low: 11892,
  volume: 69.56496278 }
[2018-01-28T22:44:24.305] [TRACE] response - { mts: 1517175600000,
  open: 11892,
  close: 11931,
  high: 11940,
  low: 11892,
  volume: 69.56496278 }
[2018-01-28T22:44:24.306] [TRACE] response - { mts: 1517175600000,
  open: 11892,
  close: 11934,
  high: 11940,
  low: 11892,
  volume: 69.65361178 }
[2018-01-28T22:44:29.522] [TRACE] response - { mts: 1517175600000,
  open: 11892,
  close: 11934,
  high: 11940,
  low: 11892,
  volume: 69.65361178 }
[2018-01-28T22:44:29.523] [TRACE] response - { mts: 1517175600000,
  open: 11892,
  close: 11933,
  high: 11940,
  low: 11892,
  volume: 70.17317277 }
[2018-01-28T22:44:34.599] [TRACE] response - { mts: 1517175600000,
  open: 11892,
  close: 11933,
  high: 11940,
  low: 11892,
  volume: 70.17317277 }
[2018-01-28T22:44:34.599] [TRACE] response - { mts: 1517175600000,
  open: 11892,
  close: 11933,
  high: 11940,
  low: 11892,
  volume: 70.17317277 }
[2018-01-28T22:44:39.763] [TRACE] response - { mts: 1517175600000,
  open: 11892,
  close: 11933,
  high: 11940,
  low: 11892,
  volume: 70.17317277 }
[2018-01-28T22:44:40.375] [TRACE] response - { mts: 1517175600000,
  open: 11892,
  close: 11937,
  high: 11940,
  low: 11892,
  volume: 70.24429987 }
[2018-01-28T22:44:45.192] [TRACE] response - { mts: 1517175600000,
  open: 11892,
  close: 11937,
  high: 11940,
  low: 11892,
  volume: 70.24429987 }
[2018-01-28T22:44:45.196] [TRACE] response - { mts: 1517175600000,
  open: 11892,
  close: 11933,
  high: 11940,
  low: 11892,
  volume: 70.59539987 }
[2018-01-28T22:44:51.023] [TRACE] response - { mts: 1517175600000,
  open: 11892,
  close: 11933,
  high: 11940,
  low: 11892,
  volume: 70.59539987 }
[2018-01-28T22:44:51.023] [TRACE] response - { mts: 1517175600000,
  open: 11892,
  close: 11935,
  high: 11940,
  low: 11892,
  volume: 72.17031486 }
[2018-01-28T22:44:56.526] [TRACE] response - { mts: 1517175600000,
  open: 11892,
  close: 11935,
  high: 11940,
  low: 11892,
  volume: 72.17031486 }
[2018-01-28T22:44:56.528] [TRACE] response - { mts: 1517175600000,
  open: 11892,
  close: 11935,
  high: 11940,
  low: 11892,
  volume: 72.17031486 }
[2018-01-28T22:45:01.161] [TRACE] response - { mts: 1517175600000,
  open: 11892,
  close: 11935,
  high: 11940,
  low: 11892,
  volume: 72.17031486 }
[2018-01-28T22:45:01.163] [TRACE] response - { mts: 1517175900000,
  open: 11933,
  close: 11937,
  high: 11937,
  low: 11932,
  volume: 0.17655404 }
[2018-01-28T22:45:06.191] [TRACE] response - { mts: 1517175900000,
  open: 11933,
  close: 11937,
  high: 11937,
  low: 11932,
  volume: 0.17655404 }
[2018-01-28T22:45:06.193] [TRACE] response - { mts: 1517175900000,
  open: 11933,
  close: 11931,
  high: 11937,
  low: 11931,
  volume: 0.31306936 }
[2018-01-28T22:45:11.303] [TRACE] response - { mts: 1517175900000,
  open: 11933,
  close: 11931,
  high: 11937,
  low: 11931,
  volume: 0.31306936 }
[2018-01-28T22:45:11.304] [TRACE] response - { mts: 1517175900000,
  open: 11933,
  close: 11932,
  high: 11937,
  low: 11931,
  volume: 0.68696013 }
[2018-01-28T22:45:16.544] [TRACE] response - { mts: 1517175900000,
  open: 11933,
  close: 11932,
  high: 11937,
  low: 11931,
  volume: 0.68696013 }
[2018-01-28T22:45:16.545] [TRACE] response - { mts: 1517175900000,
  open: 11933,
  close: 11930,
  high: 11937,
  low: 11930,
  volume: 1.84918603 }
[2018-01-28T22:45:22.050] [TRACE] response - { mts: 1517175900000,
  open: 11933,
  close: 11930,
  high: 11937,
  low: 11930,
  volume: 1.84918603 }
[2018-01-28T22:45:22.052] [TRACE] response - { mts: 1517175900000,
  open: 11933,
  close: 11930,
  high: 11937,
  low: 11930,
  volume: 4.60451499 }
[2018-01-28T22:45:27.207] [TRACE] response - { mts: 1517175900000,
  open: 11933,
  close: 11930,
  high: 11937,
  low: 11930,
  volume: 4.60451499 }
[2018-01-28T22:45:27.209] [TRACE] response - { mts: 1517175900000,
  open: 11933,
  close: 11930,
  high: 11937,
  low: 11930,
  volume: 5.96691385 }
[2018-01-28T22:45:32.289] [TRACE] response - { mts: 1517175900000,
  open: 11933,
  close: 11930,
  high: 11937,
  low: 11930,
  volume: 5.96691385 }
[2018-01-28T22:45:32.291] [TRACE] response - { mts: 1517175900000,
  open: 11933,
  close: 11930,
  high: 11937,
  low: 11930,
  volume: 7.68674397 }
[2018-01-28T22:45:37.515] [TRACE] response - { mts: 1517175900000,
  open: 11933,
  close: 11930,
  high: 11937,
  low: 11930,
  volume: 7.68674397 }
[2018-01-28T22:45:37.562] [TRACE] response - { mts: 1517175900000,
  open: 11933,
  close: 11930,
  high: 11937,
  low: 11930,
  volume: 9.68524843 }
[2018-01-28T22:45:42.754] [TRACE] response - { mts: 1517175900000,
  open: 11933,
  close: 11930,
  high: 11937,
  low: 11930,
  volume: 9.68524843 }
[2018-01-28T22:45:42.754] [TRACE] response - { mts: 1517175900000,
  open: 11933,
  close: 11930,
  high: 11937,
  low: 11930,
  volume: 10.3110459 }
[2018-01-28T22:45:48.234] [TRACE] response - { mts: 1517175900000,
  open: 11933,
  close: 11930,
  high: 11937,
  low: 11930,
  volume: 10.3110459 }
[2018-01-28T22:45:48.235] [TRACE] response - { mts: 1517175900000,
  open: 11933,
  close: 11930,
  high: 11937,
  low: 11930,
  volume: 10.55436063 }
[2018-01-28T22:45:53.316] [TRACE] response - { mts: 1517175900000,
  open: 11933,
  close: 11930,
  high: 11937,
  low: 11930,
  volume: 10.55436063 }
[2018-01-28T22:45:53.317] [TRACE] response - { mts: 1517175900000,
  open: 11933,
  close: 11930,
  high: 11937,
  low: 11930,
  volume: 10.58544832 }
[2018-01-28T22:45:58.609] [TRACE] response - { mts: 1517175900000,
  open: 11933,
  close: 11930,
  high: 11937,
  low: 11930,
  volume: 10.58544832 }
[2018-01-28T22:45:58.610] [TRACE] response - { mts: 1517175900000,
  open: 11933,
  close: 11930,
  high: 11937,
  low: 11930,
  volume: 11.29867823 }
[2018-01-28T22:46:03.920] [TRACE] response - { mts: 1517175900000,
  open: 11933,
  close: 11930,
  high: 11937,
  low: 11930,
  volume: 11.29867823 }
[2018-01-28T22:46:03.922] [TRACE] response - { mts: 1517175900000,
  open: 11933,
  close: 11927,
  high: 11937,
  low: 11927,
  volume: 11.93740086 }
[2018-01-28T22:46:09.545] [TRACE] response - { mts: 1517175900000,
  open: 11933,
  close: 11927,
  high: 11937,
  low: 11927,
  volume: 11.93740086 }
[2018-01-28T22:46:09.546] [TRACE] response - { mts: 1517175900000,
  open: 11933,
  close: 11932,
  high: 11937,
  low: 11926,
  volume: 13.00571887 }
[2018-01-28T22:46:14.728] [TRACE] response - { mts: 1517175900000,
  open: 11933,
  close: 11932,
  high: 11937,
  low: 11926,
  volume: 13.00571887 }
[2018-01-28T22:46:14.729] [TRACE] response - { mts: 1517175900000,
  open: 11933,
  close: 11920,
  high: 11937,
  low: 11920,
  volume: 18.00571887 }
[2018-01-28T22:46:19.695] [TRACE] response - { event: 'info', version: 2 }
[2018-01-28T22:46:20.376] [TRACE] response - { mts: 1517175900000,
  open: 11933,
  close: 11920,
  high: 11937,
  low: 11920,
  volume: 18.00571887 }
[2018-01-28T22:46:24.809] [TRACE] response - { mts: 1517175900000,
  open: 11933,
  close: 11920,
  high: 11937,
  low: 11920,
  volume: 18.00571887 }
[2018-01-28T22:46:24.837] [TRACE] response - { mts: 1517175900000,
  open: 11933,
  close: 11921,
  high: 11937,
  low: 11920,
  volume: 18.13666278 }
[2018-01-28T22:46:30.031] [TRACE] response - { mts: 1517175900000,
  open: 11933,
  close: 11921,
  high: 11937,
  low: 11920,
  volume: 18.13666278 }
[2018-01-28T22:46:30.043] [TRACE] response - { mts: 1517175900000,
  open: 11933,
  close: 11913.55170391,
  high: 11937,
  low: 11913.55170391,
  volume: 18.26431801 }
[2018-01-28T22:46:35.274] [TRACE] response - { mts: 1517175900000,
  open: 11933,
  close: 11913.55170391,
  high: 11937,
  low: 11913.55170391,
  volume: 18.26431801 }
[2018-01-28T22:46:35.275] [TRACE] response - { mts: 1517175900000,
  open: 11933,
  close: 11913.55170391,
  high: 11937,
  low: 11913.55170391,
  volume: 18.34950906 }
[2018-01-28T22:46:40.586] [TRACE] response - { mts: 1517175900000,
  open: 11933,
  close: 11913.55170391,
  high: 11937,
  low: 11913.55170391,
  volume: 18.34950906 }
[2018-01-28T22:46:40.587] [TRACE] response - { mts: 1517175900000,
  open: 11933,
  close: 11919,
  high: 11937,
  low: 11913.55170391,
  volume: 18.51758916 }
[2018-01-28T22:46:46.022] [TRACE] response - { mts: 1517175900000,
  open: 11933,
  close: 11919,
  high: 11937,
  low: 11913.55170391,
  volume: 18.51758916 }
[2018-01-28T22:46:46.022] [TRACE] response - { mts: 1517175900000,
  open: 11933,
  close: 11918,
  high: 11937,
  low: 11913.55170391,
  volume: 18.69791364 }
[2018-01-28T22:46:51.170] [TRACE] response - { mts: 1517175900000,
  open: 11933,
  close: 11918,
  high: 11937,
  low: 11913.55170391,
  volume: 18.69791364 }
[2018-01-28T22:46:51.171] [TRACE] response - { mts: 1517175900000,
  open: 11933,
  close: 11919,
  high: 11937,
  low: 11913.55170391,
  volume: 18.73804131 }
[2018-01-28T22:56:57.204] [TRACE] response - { mts: 1517176500000,
  open: 11929,
  close: 11940,
  high: 11940,
  low: 11929,
  volume: 16.80527034 }
[2018-01-28T23:10:08.848] [TRACE] response - { mts: 1517177400000,
  open: 11920,
  close: 11920,
  high: 11920,
  low: 11920,
  volume: 0.33668853 }
[2018-01-28T23:11:00.049] [TRACE] response - { mts: 1517177400000,
  open: 11920,
  close: 11920,
  high: 11921,
  low: 11920,
  volume: 1.47398713 }
[2018-01-28T23:11:00.061] [TRACE] response - { mts: 1517177400000,
  open: 11920,
  close: 11920,
  high: 11921,
  low: 11920,
  volume: 1.47398713 }
[2018-01-28T23:11:00.061] [TRACE] response - { mts: 1517177400000,
  open: 11920,
  close: 11920,
  high: 11921,
  low: 11920,
  volume: 3.52398143 }
[2018-01-28T23:12:47.787] [TRACE] response - { mts: 1517177400000,
  open: 11920,
  close: 11921,
  high: 11921,
  low: 11920,
  volume: 14.40568515 }
[2018-01-28T23:16:24.737] [TRACE] response - { mts: 1517177700000,
  open: 11921,
  close: 11925,
  high: 11925,
  low: 11920,
  volume: 9.12251196 }
[2018-01-28T23:16:58.532] [TRACE] response - { mts: 1517177700000,
  open: 11921,
  close: 11925,
  high: 11925,
  low: 11920,
  volume: 14.39192773 }
[2018-01-28T23:18:56.536] [TRACE] response - { mts: 1517177700000,
  open: 11921,
  close: 11926.60322385,
  high: 11926.60322385,
  low: 11920,
  volume: 24.25588627 }
[2018-01-28T23:18:57.933] [TRACE] response - { mts: 1517177700000,
  open: 11921,
  close: 11926.60322385,
  high: 11926.60322385,
  low: 11920,
  volume: 24.25588627 }
[2018-01-28T23:18:57.935] [TRACE] response - { mts: 1517177700000,
  open: 11921,
  close: 11927,
  high: 11927,
  low: 11920,
  volume: 24.30558841 }
[2018-01-28T23:19:03.052] [TRACE] response - { mts: 1517177700000,
  open: 11921,
  close: 11927,
  high: 11927,
  low: 11920,
  volume: 24.30558841 }
[2018-01-28T23:19:03.054] [TRACE] response - { mts: 1517177700000,
  open: 11921,
  close: 11927,
  high: 11927,
  low: 11920,
  volume: 24.71647897 }
[2018-01-28T23:19:08.480] [TRACE] response - { mts: 1517177700000,
  open: 11921,
  close: 11927,
  high: 11927,
  low: 11920,
  volume: 24.71647897 }
[2018-01-28T23:19:08.483] [TRACE] response - { mts: 1517177700000,
  open: 11921,
  close: 11927.84622575,
  high: 11927.84622575,
  low: 11920,
  volume: 26.13721964 }
[2018-01-28T23:19:13.542] [TRACE] response - { mts: 1517177700000,
  open: 11921,
  close: 11927.84622575,
  high: 11927.84622575,
  low: 11920,
  volume: 26.13721964 }
[2018-01-28T23:19:13.543] [TRACE] response - { mts: 1517177700000,
  open: 11921,
  close: 11927.84622575,
  high: 11927.84622575,
  low: 11920,
  volume: 26.13721964 }
[2018-01-28T23:19:21.572] [TRACE] response - { mts: 1517177700000,
  open: 11921,
  close: 11927.84622575,
  high: 11927.84622575,
  low: 11920,
  volume: 26.15325369 }
[2018-01-28T23:21:21.837] [TRACE] response - { mts: 1517178000000,
  open: 11928,
  close: 11924,
  high: 11928,
  low: 11924,
  volume: 5.11898465 }
[2018-01-28T23:21:24.819] [TRACE] response - { mts: 1517178000000,
  open: 11928,
  close: 11924,
  high: 11928,
  low: 11924,
  volume: 5.11898465 }
[2018-01-28T23:21:24.820] [TRACE] response - { mts: 1517178000000,
  open: 11928,
  close: 11924,
  high: 11928,
  low: 11923,
  volume: 9.3241733 }
[2018-01-28T23:21:30.511] [TRACE] response - { mts: 1517178000000,
  open: 11928,
  close: 11924,
  high: 11928,
  low: 11923,
  volume: 9.3241733 }
[2018-01-28T23:21:30.513] [TRACE] response - { mts: 1517178000000,
  open: 11928,
  close: 11923,
  high: 11928,
  low: 11923,
  volume: 14.53126129 }
[2018-01-28T23:21:35.249] [TRACE] response - { mts: 1517178000000,
  open: 11928,
  close: 11923,
  high: 11928,
  low: 11923,
  volume: 14.53126129 }
[2018-01-28T23:21:35.250] [TRACE] response - { mts: 1517178000000,
  open: 11928,
  close: 11923,
  high: 11928,
  low: 11923,
  volume: 16.87723277 }
[2018-01-28T23:21:40.548] [TRACE] response - { mts: 1517178000000,
  open: 11928,
  close: 11923,
  high: 11928,
  low: 11923,
  volume: 16.87723277 }
[2018-01-28T23:21:40.549] [TRACE] response - { mts: 1517178000000,
  open: 11928,
  close: 11924,
  high: 11928,
  low: 11923,
  volume: 16.99801645 }
[2018-01-28T23:21:45.744] [TRACE] response - { mts: 1517178000000,
  open: 11928,
  close: 11924,
  high: 11928,
  low: 11923,
  volume: 16.99801645 }
[2018-01-28T23:21:45.794] [TRACE] response - { mts: 1517178000000,
  open: 11928,
  close: 11923,
  high: 11928,
  low: 11923,
  volume: 17.09801645 }
[2018-01-28T23:21:51.042] [TRACE] response - { mts: 1517178000000,
  open: 11928,
  close: 11923,
  high: 11928,
  low: 11923,
  volume: 17.09801645 }
[2018-01-28T23:21:51.043] [TRACE] response - { mts: 1517178000000,
  open: 11928,
  close: 11924,
  high: 11928,
  low: 11923,
  volume: 17.26331645 }
[2018-01-28T23:21:56.268] [TRACE] response - { mts: 1517178000000,
  open: 11928,
  close: 11924,
  high: 11928,
  low: 11923,
  volume: 17.26331645 }
[2018-01-28T23:21:56.268] [TRACE] response - { mts: 1517178000000,
  open: 11928,
  close: 11924,
  high: 11928,
  low: 11923,
  volume: 17.26331645 }
[2018-01-28T23:22:01.509] [TRACE] response - { mts: 1517178000000,
  open: 11928,
  close: 11924,
  high: 11928,
  low: 11923,
  volume: 17.26331645 }
[2018-01-28T23:22:01.509] [TRACE] response - { mts: 1517178000000,
  open: 11928,
  close: 11924,
  high: 11928,
  low: 11923,
  volume: 17.28569745 }
[2018-01-28T23:22:06.741] [TRACE] response - { mts: 1517178000000,
  open: 11928,
  close: 11924,
  high: 11928,
  low: 11923,
  volume: 17.28569745 }
[2018-01-28T23:22:06.792] [TRACE] response - { mts: 1517178000000,
  open: 11928,
  close: 11924,
  high: 11928,
  low: 11923,
  volume: 17.78569745 }
[2018-01-28T23:22:12.004] [TRACE] response - { mts: 1517178000000,
  open: 11928,
  close: 11924,
  high: 11928,
  low: 11923,
  volume: 17.78569745 }
[2018-01-28T23:22:12.005] [TRACE] response - { mts: 1517178000000,
  open: 11928,
  close: 11924,
  high: 11928,
  low: 11923,
  volume: 18.17238611 }
[2018-01-28T23:22:17.280] [TRACE] response - { mts: 1517178000000,
  open: 11928,
  close: 11924,
  high: 11928,
  low: 11923,
  volume: 18.17238611 }
[2018-01-28T23:22:17.299] [TRACE] response - { mts: 1517178000000,
  open: 11928,
  close: 11924,
  high: 11928,
  low: 11923,
  volume: 18.50575711 }
[2018-01-28T23:22:22.534] [TRACE] response - { mts: 1517178000000,
  open: 11928,
  close: 11924,
  high: 11928,
  low: 11923,
  volume: 18.50575711 }
[2018-01-28T23:22:22.649] [TRACE] response - { mts: 1517178000000,
  open: 11928,
  close: 11924,
  high: 11928,
  low: 11923,
  volume: 18.61575711 }
[2018-01-28T23:22:27.728] [TRACE] response - { mts: 1517178000000,
  open: 11928,
  close: 11924,
  high: 11928,
  low: 11923,
  volume: 18.61575711 }
[2018-01-28T23:22:27.792] [TRACE] response - { mts: 1517178000000,
  open: 11928,
  close: 11923,
  high: 11928,
  low: 11923,
  volume: 18.71575711 }
[2018-01-28T23:22:32.982] [TRACE] response - { mts: 1517178000000,
  open: 11928,
  close: 11923,
  high: 11928,
  low: 11923,
  volume: 18.71575711 }
[2018-01-28T23:22:33.030] [TRACE] response - { mts: 1517178000000,
  open: 11928,
  close: 11924,
  high: 11928,
  low: 11923,
  volume: 18.73856537 }
[2018-01-28T23:22:38.227] [TRACE] response - { mts: 1517178000000,
  open: 11928,
  close: 11924,
  high: 11928,
  low: 11923,
  volume: 18.73856537 }
[2018-01-28T23:22:38.271] [TRACE] response - { mts: 1517178000000,
  open: 11928,
  close: 11924,
  high: 11928,
  low: 11923,
  volume: 18.73856537 }
[2018-01-28T23:22:43.498] [TRACE] response - { mts: 1517178000000,
  open: 11928,
  close: 11924,
  high: 11928,
  low: 11923,
  volume: 18.73856537 }
[2018-01-28T23:22:43.499] [TRACE] response - { mts: 1517178000000,
  open: 11928,
  close: 11927,
  high: 11928,
  low: 11923,
  volume: 46.78758546 }
[2018-01-28T23:22:48.767] [TRACE] response - { mts: 1517178000000,
  open: 11928,
  close: 11927,
  high: 11928,
  low: 11923,
  volume: 46.78758546 }
[2018-01-28T23:22:48.769] [TRACE] response - { mts: 1517178000000,
  open: 11928,
  close: 11925,
  high: 11928,
  low: 11923,
  volume: 46.94798653 }
[2018-01-28T23:22:53.991] [TRACE] response - { mts: 1517178000000,
  open: 11928,
  close: 11925,
  high: 11928,
  low: 11923,
  volume: 46.94798653 }
[2018-01-28T23:22:54.049] [TRACE] response - { mts: 1517178000000,
  open: 11928,
  close: 11926,
  high: 11928,
  low: 11923,
  volume: 48.20723353 }
[2018-01-28T23:22:59.266] [TRACE] response - { mts: 1517178000000,
  open: 11928,
  close: 11926,
  high: 11928,
  low: 11923,
  volume: 48.20723353 }
[2018-01-28T23:22:59.267] [TRACE] response - { mts: 1517178000000,
  open: 11928,
  close: 11925,
  high: 11928,
  low: 11923,
  volume: 50.20723353 }
[2018-01-28T23:23:05.551] [TRACE] response - { mts: 1517178000000,
  open: 11928,
  close: 11925,
  high: 11928,
  low: 11923,
  volume: 50.20723353 }
[2018-01-28T23:23:05.553] [TRACE] response - { mts: 1517178000000,
  open: 11928,
  close: 11925,
  high: 11928,
  low: 11923,
  volume: 50.30723353 }
[2018-01-28T23:23:09.744] [TRACE] response - { mts: 1517178000000,
  open: 11928,
  close: 11925,
  high: 11928,
  low: 11923,
  volume: 50.30723353 }
[2018-01-28T23:23:09.746] [TRACE] response - { mts: 1517178000000,
  open: 11928,
  close: 11925,
  high: 11928,
  low: 11923,
  volume: 50.30723353 }
[2018-01-28T23:24:51.547] [TRACE] response - { mts: 1517178000000,
  open: 11928,
  close: 11922,
  high: 11928,
  low: 11921,
  volume: 57.6565358 }
[2018-01-28T23:24:54.808] [TRACE] response - { mts: 1517178000000,
  open: 11928,
  close: 11922,
  high: 11928,
  low: 11921,
  volume: 57.6565358 }
[2018-01-28T23:24:54.809] [TRACE] response - { mts: 1517178000000,
  open: 11928,
  close: 11920,
  high: 11928,
  low: 11920,
  volume: 60.0745618 }
[2018-01-28T23:25:00.013] [TRACE] response - { mts: 1517178000000,
  open: 11928,
  close: 11920,
  high: 11928,
  low: 11920,
  volume: 60.0745618 }
[2018-01-28T23:25:16.188] [TRACE] response - { mts: 1517178300000,
  open: 11921,
  close: 11901,
  high: 11921.48562727,
  low: 11893,
  volume: 48.99551175 }
[2018-01-28T23:25:17.837] [TRACE] response - { mts: 1517178300000,
  open: 11921,
  close: 11901,
  high: 11921.48562727,
  low: 11893,
  volume: 48.99551175 }
[2018-01-28T23:25:17.838] [TRACE] response - { mts: 1517178300000,
  open: 11921,
  close: 11909,
  high: 11921.48562727,
  low: 11893,
  volume: 49.02551175 }
[2018-01-28T23:25:22.330] [TRACE] response - { mts: 1517178300000,
  open: 11921,
  close: 11909,
  high: 11921.48562727,
  low: 11893,
  volume: 49.02551175 }
[2018-01-28T23:25:22.330] [TRACE] response - { mts: 1517178300000,
  open: 11921,
  close: 11909.06482541,
  high: 11921.48562727,
  low: 11893,
  volume: 49.35460975 }
[2018-01-28T23:25:26.840] [TRACE] response - { mts: 1517178300000,
  open: 11921,
  close: 11909.06482541,
  high: 11921.48562727,
  low: 11893,
  volume: 49.35460975 }
[2018-01-28T23:25:26.841] [TRACE] response - { mts: 1517178300000,
  open: 11921,
  close: 11907,
  high: 11921.48562727,
  low: 11893,
  volume: 49.46766906 }
[2018-01-28T23:25:31.373] [TRACE] response - { mts: 1517178300000,
  open: 11921,
  close: 11907,
  high: 11921.48562727,
  low: 11893,
  volume: 49.46766906 }
[2018-01-28T23:25:31.374] [TRACE] response - { mts: 1517178300000,
  open: 11921,
  close: 11909.06482541,
  high: 11921.48562727,
  low: 11893,
  volume: 50.86766906 }
[2018-01-28T23:25:35.813] [TRACE] response - { mts: 1517178300000,
  open: 11921,
  close: 11909.06482541,
  high: 11921.48562727,
  low: 11893,
  volume: 50.86766906 }
[2018-01-28T23:25:35.815] [TRACE] response - { mts: 1517178300000,
  open: 11921,
  close: 11908,
  high: 11921.48562727,
  low: 11893,
  volume: 51.06493304 }
[2018-01-28T23:25:40.344] [TRACE] response - { mts: 1517178300000,
  open: 11921,
  close: 11908,
  high: 11921.48562727,
  low: 11893,
  volume: 51.06493304 }
[2018-01-28T23:25:40.396] [TRACE] response - { mts: 1517178300000,
  open: 11921,
  close: 11907,
  high: 11921.48562727,
  low: 11893,
  volume: 51.52927176 }
[2018-01-28T23:25:44.804] [TRACE] response - { mts: 1517178300000,
  open: 11921,
  close: 11907,
  high: 11921.48562727,
  low: 11893,
  volume: 51.52927176 }
[2018-01-28T23:25:44.847] [TRACE] response - { mts: 1517178300000,
  open: 11921,
  close: 11908,
  high: 11921.48562727,
  low: 11893,
  volume: 51.69536944 }
[2018-01-28T23:25:49.352] [TRACE] response - { mts: 1517178300000,
  open: 11921,
  close: 11908,
  high: 11921.48562727,
  low: 11893,
  volume: 51.69536944 }
[2018-01-28T23:25:49.354] [TRACE] response - { mts: 1517178300000,
  open: 11921,
  close: 11909.06482541,
  high: 11921.48562727,
  low: 11893,
  volume: 51.97730849 }
[2018-01-28T23:25:54.152] [TRACE] response - { mts: 1517178300000,
  open: 11921,
  close: 11909.06482541,
  high: 11921.48562727,
  low: 11893,
  volume: 51.97730849 }
[2018-01-28T23:25:54.152] [TRACE] response - { mts: 1517178300000,
  open: 11921,
  close: 11909,
  high: 11921.48562727,
  low: 11893,
  volume: 53.97730849 }
[2018-01-28T23:25:58.338] [TRACE] response - { mts: 1517178300000,
  open: 11921,
  close: 11914.03314615,
  high: 11921.48562727,
  low: 11893,
  volume: 55.97730849 }
[2018-01-28T23:26:02.813] [TRACE] response - { mts: 1517178300000,
  open: 11921,
  close: 11914.03314615,
  high: 11921.48562727,
  low: 11893,
  volume: 55.97730849 }
[2018-01-28T23:26:02.863] [TRACE] response - { mts: 1517178360000,
  open: 11913,
  close: 11911,
  high: 11913,
  low: 11911,
  volume: 0.10679134 }
[2018-01-28T23:27:20.615] [TRACE] response - { mts: 1517178420000,
  open: 11914,
  close: 11910,
  high: 11914,
  low: 11910,
  volume: 0.80549504 }
[2018-01-28T23:27:24.298] [TRACE] response - { mts: 1517178420000,
  open: 11914,
  close: 11910,
  high: 11914,
  low: 11910,
  volume: 0.80549504 }
[2018-01-28T23:27:24.298] [TRACE] response - { mts: 1517178420000,
  open: 11914,
  close: 11910,
  high: 11914,
  low: 11910,
  volume: 5.08328733 }
[2018-01-28T23:27:28.322] [TRACE] response - { mts: 1517178420000,
  open: 11914,
  close: 11910,
  high: 11914,
  low: 11910,
  volume: 5.08328733 }
[2018-01-28T23:27:28.358] [TRACE] response - { mts: 1517178420000,
  open: 11914,
  close: 11910,
  high: 11914,
  low: 11909,
  volume: 5.36688233 }
[2018-01-28T23:27:32.882] [TRACE] response - { mts: 1517178420000,
  open: 11914,
  close: 11910,
  high: 11914,
  low: 11909,
  volume: 5.36688233 }
[2018-01-28T23:27:32.885] [TRACE] response - { mts: 1517178420000,
  open: 11914,
  close: 11910,
  high: 11914,
  low: 11909,
  volume: 5.36688233 }
[2018-01-28T23:27:37.344] [TRACE] response - { mts: 1517178420000,
  open: 11914,
  close: 11910,
  high: 11914,
  low: 11909,
  volume: 5.36688233 }
[2018-01-28T23:27:37.345] [TRACE] response - { mts: 1517178420000,
  open: 11914,
  close: 11909,
  high: 11914,
  low: 11909,
  volume: 5.46688233 }
[2018-01-28T23:27:41.849] [TRACE] response - { mts: 1517178420000,
  open: 11914,
  close: 11909,
  high: 11914,
  low: 11909,
  volume: 5.46688233 }
[2018-01-28T23:27:41.850] [TRACE] response - { mts: 1517178420000,
  open: 11914,
  close: 11909,
  high: 11914,
  low: 11907,
  volume: 5.60054658 }
[2018-01-28T23:27:46.386] [TRACE] response - { mts: 1517178420000,
  open: 11914,
  close: 11909,
  high: 11914,
  low: 11907,
  volume: 5.60054658 }
[2018-01-28T23:27:46.387] [TRACE] response - { mts: 1517178420000,
  open: 11914,
  close: 11895,
  high: 11914,
  low: 11895,
  volume: 11.24638658 }
[2018-01-28T23:27:50.855] [TRACE] response - { mts: 1517178420000,
  open: 11914,
  close: 11895,
  high: 11914,
  low: 11895,
  volume: 11.24638658 }
[2018-01-28T23:27:50.856] [TRACE] response - { mts: 1517178420000,
  open: 11914,
  close: 11906,
  high: 11914,
  low: 11895,
  volume: 11.42845856 }
[2018-01-28T23:27:55.317] [TRACE] response - { mts: 1517178420000,
  open: 11914,
  close: 11906,
  high: 11914,
  low: 11895,
  volume: 11.42845856 }
[2018-01-28T23:27:55.366] [TRACE] response - { mts: 1517178420000,
  open: 11914,
  close: 11906,
  high: 11914,
  low: 11895,
  volume: 11.42845856 }
[2018-01-28T23:27:59.844] [TRACE] response - { mts: 1517178420000,
  open: 11914,
  close: 11906,
  high: 11914,
  low: 11895,
  volume: 11.42845856 }
[2018-01-28T23:28:04.309] [TRACE] response - { mts: 1517178420000,
  open: 11914,
  close: 11906,
  high: 11914,
  low: 11895,
  volume: 11.42845856 }
[2018-01-28T23:28:08.842] [TRACE] response - { mts: 1517178420000,
  open: 11914,
  close: 11906,
  high: 11914,
  low: 11895,
  volume: 11.42845856 }
[2018-01-28T23:28:08.894] [TRACE] response - { mts: 1517178480000,
  open: 11907,
  close: 11901,
  high: 11909,
  low: 11900,
  volume: 1.14117234 }
[2018-01-28T23:28:13.337] [TRACE] response - { mts: 1517178480000,
  open: 11907,
  close: 11901,
  high: 11909,
  low: 11900,
  volume: 1.14117234 }
[2018-01-28T23:28:13.338] [TRACE] response - { mts: 1517178480000,
  open: 11907,
  close: 11905,
  high: 11909,
  low: 11900,
  volume: 1.17437066 }
[2018-01-28T23:28:17.863] [TRACE] response - { mts: 1517178480000,
  open: 11907,
  close: 11905,
  high: 11909,
  low: 11900,
  volume: 1.17437066 }
[2018-01-28T23:28:17.864] [TRACE] response - { mts: 1517178480000,
  open: 11907,
  close: 11903,
  high: 11909,
  low: 11900,
  volume: 2.18569066 }
[2018-01-28T23:28:22.416] [TRACE] response - { mts: 1517178480000,
  open: 11907,
  close: 11903,
  high: 11909,
  low: 11900,
  volume: 2.18569066 }
[2018-01-28T23:28:22.417] [TRACE] response - { mts: 1517178480000,
  open: 11907,
  close: 11905,
  high: 11909,
  low: 11889,
  volume: 4.81683695 }
[2018-01-28T23:28:26.846] [TRACE] response - { mts: 1517178480000,
  open: 11907,
  close: 11905,
  high: 11909,
  low: 11889,
  volume: 4.81683695 }
[2018-01-28T23:28:26.848] [TRACE] response - { mts: 1517178480000,
  open: 11907,
  close: 11901,
  high: 11909,
  low: 11889,
  volume: 4.92960308 }
[2018-01-28T23:28:31.319] [TRACE] response - { mts: 1517178480000,
  open: 11907,
  close: 11901,
  high: 11909,
  low: 11889,
  volume: 4.92960308 }
[2018-01-28T23:28:31.373] [TRACE] response - { mts: 1517178480000,
  open: 11907,
  close: 11902,
  high: 11909,
  low: 11889,
  volume: 4.94660308 }
[2018-01-28T23:28:35.993] [TRACE] response - { mts: 1517178480000,
  open: 11907,
  close: 11902,
  high: 11909,
  low: 11889,
  volume: 4.94660308 }
[2018-01-28T23:28:35.994] [TRACE] response - { mts: 1517178480000,
  open: 11907,
  close: 11900,
  high: 11909,
  low: 11889,
  volume: 5.61393227 }
[2018-01-28T23:28:40.327] [TRACE] response - { mts: 1517178480000,
  open: 11907,
  close: 11900,
  high: 11909,
  low: 11889,
  volume: 5.61393227 }
[2018-01-28T23:28:40.377] [TRACE] response - { mts: 1517178480000,
  open: 11907,
  close: 11903,
  high: 11909,
  low: 11889,
  volume: 6.26364631 }
[2018-01-28T23:28:44.856] [TRACE] response - { mts: 1517178480000,
  open: 11907,
  close: 11903,
  high: 11909,
  low: 11889,
  volume: 6.26364631 }
[2018-01-28T23:28:44.861] [TRACE] response - { mts: 1517178480000,
  open: 11907,
  close: 11904,
  high: 11909,
  low: 11882,
  volume: 12.15013458 }
[2018-01-28T23:28:49.321] [TRACE] response - { mts: 1517178480000,
  open: 11907,
  close: 11904,
  high: 11909,
  low: 11882,
  volume: 12.15013458 }
[2018-01-28T23:28:49.384] [TRACE] response - { mts: 1517178480000,
  open: 11907,
  close: 11902,
  high: 11909,
  low: 11882,
  volume: 12.35932411 }
[2018-01-28T23:28:53.873] [TRACE] response - { mts: 1517178480000,
  open: 11907,
  close: 11902,
  high: 11909,
  low: 11882,
  volume: 12.35932411 }
[2018-01-28T23:28:53.873] [TRACE] response - { mts: 1517178480000,
  open: 11907,
  close: 11900,
  high: 11909,
  low: 11882,
  volume: 12.68676356 }
[2018-01-28T23:28:58.362] [TRACE] response - { mts: 1517178480000,
  open: 11907,
  close: 11907,
  high: 11909,
  low: 11882,
  volume: 12.77631256 }
[2018-01-28T23:29:02.905] [TRACE] response - { mts: 1517178480000,
  open: 11907,
  close: 11907,
  high: 11909,
  low: 11882,
  volume: 12.77631256 }
[2018-01-28T23:29:02.906] [TRACE] response - { mts: 1517178540000,
  open: 11908,
  close: 11908,
  high: 11908,
  low: 11908,
  volume: 0.1 }
[2018-01-28T23:29:07.920] [TRACE] response - { mts: 1517178540000,
  open: 11908,
  close: 11908,
  high: 11908,
  low: 11908,
  volume: 0.1 }
[2018-01-28T23:29:07.921] [TRACE] response - { mts: 1517178540000,
  open: 11908,
  close: 11905,
  high: 11908,
  low: 11905,
  volume: 0.71855464 }
[2018-01-28T23:29:11.852] [TRACE] response - { mts: 1517178540000,
  open: 11908,
  close: 11905,
  high: 11908,
  low: 11905,
  volume: 0.71855464 }
[2018-01-28T23:29:11.853] [TRACE] response - { mts: 1517178540000,
  open: 11908,
  close: 11904,
  high: 11908,
  low: 11895,
  volume: 0.77825564 }
[2018-01-28T23:29:16.340] [TRACE] response - { mts: 1517178540000,
  open: 11908,
  close: 11904,
  high: 11908,
  low: 11895,
  volume: 0.77825564 }
[2018-01-28T23:29:16.402] [TRACE] response - { mts: 1517178540000,
  open: 11908,
  close: 11909,
  high: 11909,
  low: 11895,
  volume: 1.75286564 }
[2018-01-28T23:29:20.844] [TRACE] response - { mts: 1517178540000,
  open: 11908,
  close: 11909,
  high: 11909,
  low: 11895,
  volume: 1.75286564 }
[2018-01-28T23:29:20.844] [TRACE] response - { mts: 1517178540000,
  open: 11908,
  close: 11903,
  high: 11909,
  low: 11895,
  volume: 1.77285363 }
[2018-01-28T23:29:25.351] [TRACE] response - { mts: 1517178540000,
  open: 11908,
  close: 11903,
  high: 11909,
  low: 11895,
  volume: 1.77285363 }
[2018-01-28T23:29:25.380] [TRACE] response - { mts: 1517178540000,
  open: 11908,
  close: 11903,
  high: 11909,
  low: 11895,
  volume: 1.77285363 }
[2018-01-28T23:29:29.823] [TRACE] response - { mts: 1517178540000,
  open: 11908,
  close: 11903,
  high: 11909,
  low: 11895,
  volume: 1.77285363 }
[2018-01-28T23:29:29.876] [TRACE] response - { mts: 1517178540000,
  open: 11908,
  close: 11903,
  high: 11909,
  low: 11895,
  volume: 1.77285363 }
[2018-01-28T23:29:34.372] [TRACE] response - { mts: 1517178540000,
  open: 11908,
  close: 11903,
  high: 11909,
  low: 11895,
  volume: 1.77285363 }
[2018-01-28T23:29:34.393] [TRACE] response - { mts: 1517178540000,
  open: 11908,
  close: 11903,
  high: 11909,
  low: 11895,
  volume: 1.77285363 }
[2018-01-28T23:29:38.849] [TRACE] response - { mts: 1517178540000,
  open: 11908,
  close: 11903,
  high: 11909,
  low: 11895,
  volume: 1.77285363 }
[2018-01-28T23:29:38.849] [TRACE] response - { mts: 1517178540000,
  open: 11908,
  close: 11903,
  high: 11909,
  low: 11895,
  volume: 1.77285363 }
[2018-01-28T23:29:43.350] [TRACE] response - { mts: 1517178540000,
  open: 11908,
  close: 11903,
  high: 11909,
  low: 11895,
  volume: 1.77285363 }
[2018-01-28T23:29:43.362] [TRACE] response - { mts: 1517178540000,
  open: 11908,
  close: 11904,
  high: 11909,
  low: 11895,
  volume: 7.07665122 }
[2018-01-28T23:29:47.867] [TRACE] response - { mts: 1517178540000,
  open: 11908,
  close: 11904,
  high: 11909,
  low: 11895,
  volume: 7.07665122 }
[2018-01-28T23:29:47.868] [TRACE] response - { mts: 1517178540000,
  open: 11908,
  close: 11902,
  high: 11909,
  low: 11895,
  volume: 7.0887113 }
[2018-01-28T23:29:52.340] [TRACE] response - { mts: 1517178540000,
  open: 11908,
  close: 11902,
  high: 11909,
  low: 11895,
  volume: 7.0887113 }
[2018-01-28T23:29:52.374] [TRACE] response - { mts: 1517178540000,
  open: 11908,
  close: 11899,
  high: 11909,
  low: 11895,
  volume: 7.1887113 }
[2018-01-28T23:29:56.884] [TRACE] response - { mts: 1517178540000,
  open: 11908,
  close: 11899,
  high: 11909,
  low: 11895,
  volume: 7.1887113 }
[2018-01-28T23:29:56.884] [TRACE] response - { mts: 1517178540000,
  open: 11908,
  close: 11899,
  high: 11909,
  low: 11895,
  volume: 7.1887113 }
[2018-01-28T23:30:01.328] [TRACE] response - { mts: 1517178540000,
  open: 11908,
  close: 11899,
  high: 11909,
  low: 11895,
  volume: 7.1887113 }
[2018-01-28T23:30:01.328] [TRACE] response - { mts: 1517178600000,
  open: 11903,
  close: 11895,
  high: 11904,
  low: 11895,
  volume: 0.16808581 }
[2018-01-28T23:30:05.887] [TRACE] response - { mts: 1517178600000,
  open: 11903,
  close: 11895,
  high: 11904,
  low: 11895,
  volume: 0.16808581 }
[2018-01-28T23:30:05.888] [TRACE] response - { mts: 1517178600000,
  open: 11903,
  close: 11900,
  high: 11904,
  low: 11895,
  volume: 0.38495081 }
[2018-01-28T23:30:10.544] [TRACE] response - { mts: 1517178600000,
  open: 11903,
  close: 11900,
  high: 11904,
  low: 11895,
  volume: 0.38495081 }
[2018-01-28T23:30:10.545] [TRACE] response - { mts: 1517178600000,
  open: 11903,
  close: 11895,
  high: 11904,
  low: 11895,
  volume: 0.40994053 }
[2018-01-28T23:30:14.858] [TRACE] response - { mts: 1517178600000,
  open: 11903,
  close: 11895,
  high: 11904,
  low: 11895,
  volume: 0.40994053 }
[2018-01-28T23:30:14.859] [TRACE] response - { mts: 1517178600000,
  open: 11903,
  close: 11896,
  high: 11904,
  low: 11895,
  volume: 0.42851153 }
[2018-01-28T23:30:19.357] [TRACE] response - { mts: 1517178600000,
  open: 11903,
  close: 11896,
  high: 11904,
  low: 11895,
  volume: 0.42851153 }
[2018-01-28T23:30:19.358] [TRACE] response - { mts: 1517178600000,
  open: 11903,
  close: 11894,
  high: 11904,
  low: 11894,
  volume: 1.42851166 }
[2018-01-28T23:30:23.847] [TRACE] response - { mts: 1517178600000,
  open: 11903,
  close: 11894,
  high: 11904,
  low: 11894,
  volume: 1.42851166 }
[2018-01-28T23:30:23.848] [TRACE] response - { mts: 1517178600000,
  open: 11903,
  close: 11894,
  high: 11904,
  low: 11894,
  volume: 1.42851166 }
[2018-01-28T23:30:28.322] [TRACE] response - { mts: 1517178600000,
  open: 11903,
  close: 11894,
  high: 11904,
  low: 11894,
  volume: 1.42851166 }
[2018-01-28T23:30:28.376] [TRACE] response - { mts: 1517178600000,
  open: 11903,
  close: 11896,
  high: 11904,
  low: 11894,
  volume: 1.57851166 }
[2018-01-28T23:30:33.089] [TRACE] response - { mts: 1517178600000,
  open: 11903,
  close: 11896,
  high: 11904,
  low: 11894,
  volume: 1.57851166 }
[2018-01-28T23:30:33.090] [TRACE] response - { mts: 1517178600000,
  open: 11903,
  close: 11896,
  high: 11904,
  low: 11894,
  volume: 1.6863751 }
[2018-01-28T23:30:37.428] [TRACE] response - { mts: 1517178600000,
  open: 11903,
  close: 11896,
  high: 11904,
  low: 11894,
  volume: 1.6863751 }
[2018-01-28T23:30:37.429] [TRACE] response - { mts: 1517178600000,
  open: 11903,
  close: 11898,
  high: 11904,
  low: 11891,
  volume: 2.01003025 }
[2018-01-28T23:30:41.988] [TRACE] response - { mts: 1517178600000,
  open: 11903,
  close: 11898,
  high: 11904,
  low: 11891,
  volume: 2.01003025 }
[2018-01-28T23:30:41.989] [TRACE] response - { mts: 1517178600000,
  open: 11903,
  close: 11898,
  high: 11904,
  low: 11891,
  volume: 2.01003025 }
[2018-01-28T23:30:46.341] [TRACE] response - { mts: 1517178600000,
  open: 11903,
  close: 11898,
  high: 11904,
  low: 11891,
  volume: 2.01003025 }
[2018-01-28T23:30:46.341] [TRACE] response - { mts: 1517178600000,
  open: 11903,
  close: 11891,
  high: 11904,
  low: 11891,
  volume: 2.02142025 }
[2018-01-28T23:30:50.873] [TRACE] response - { mts: 1517178600000,
  open: 11903,
  close: 11891,
  high: 11904,
  low: 11891,
  volume: 2.02142025 }
[2018-01-28T23:30:50.874] [TRACE] response - { mts: 1517178600000,
  open: 11903,
  close: 11890,
  high: 11904,
  low: 11880,
  volume: 3.98066089 }
[2018-01-28T23:30:55.402] [TRACE] response - { mts: 1517178600000,
  open: 11903,
  close: 11890,
  high: 11904,
  low: 11880,
  volume: 3.98066089 }
[2018-01-28T23:30:55.404] [TRACE] response - { mts: 1517178600000,
  open: 11903,
  close: 11890,
  high: 11904,
  low: 11880,
  volume: 3.98066089 }
